c:\users\patrick\documents\github\patrick\cpppractice\firstgame\x64\debug\vc142.pdb
c:\users\patrick\documents\github\patrick\cpppractice\firstgame\x64\debug\vc142.idb
c:\users\patrick\documents\github\patrick\cpppractice\firstgame\x64\debug\main.obj
c:\users\patrick\documents\github\patrick\cpppractice\firstgame\x64\debug\game.obj
c:\users\patrick\documents\github\ai_practice\firstgame_1\x64\debug\vc142.pdb
c:\users\patrick\documents\github\ai_practice\firstgame_1\x64\debug\vc142.idb
c:\users\patrick\documents\github\ai_practice\firstgame_1\x64\debug\main.obj
c:\users\patrick\documents\github\ai_practice\firstgame_1\x64\debug\game.obj
c:\users\patrick\documents\github\ai_practice\firstgame_1\x64\debug\firstgame.tlog\cl.command.1.tlog
c:\users\patrick\documents\github\ai_practice\firstgame_1\x64\debug\firstgame.tlog\cl.read.1.tlog
c:\users\patrick\documents\github\ai_practice\firstgame_1\x64\debug\firstgame.tlog\cl.write.1.tlog
c:\users\patrick\documents\github\ai_practice\firstgame_1\x64\debug\firstgame.tlog\link.10476-cvtres.read.1.tlog
c:\users\patrick\documents\github\ai_practice\firstgame_1\x64\debug\firstgame.tlog\link.10476-cvtres.write.1.tlog
c:\users\patrick\documents\github\ai_practice\firstgame_1\x64\debug\firstgame.tlog\link.10476-rc.read.1.tlog
c:\users\patrick\documents\github\ai_practice\firstgame_1\x64\debug\firstgame.tlog\link.10476-rc.write.1.tlog
c:\users\patrick\documents\github\ai_practice\firstgame_1\x64\debug\firstgame.tlog\link.10476.read.1.tlog
c:\users\patrick\documents\github\ai_practice\firstgame_1\x64\debug\firstgame.tlog\link.10476.write.1.tlog
c:\users\patrick\documents\github\ai_practice\firstgame_1\x64\debug\firstgame.tlog\link.command.1.tlog
c:\users\patrick\documents\github\ai_practice\firstgame_1\x64\debug\firstgame.tlog\link.read.1.tlog
c:\users\patrick\documents\github\ai_practice\firstgame_1\x64\debug\firstgame.tlog\link.write.1.tlog
