c:\users\patrick\documents\github\patrick\cpppractice\fsai\fsai\x64\debug\vc142.pdb
c:\users\patrick\documents\github\patrick\cpppractice\fsai\fsai\x64\debug\vc142.idb
c:\users\patrick\documents\github\patrick\cpppractice\fsai\fsai\x64\debug\main.obj
c:\users\patrick\documents\github\patrick\cpppractice\fsai\fsai\x64\debug\neuralnetwork.obj
c:\users\patrick\documents\github\patrick\cpppractice\fsai\fsai\x64\debug\vcpkg.applocal.log
c:\users\patrick\documents\github\patrick\cpppractice\fsai\x64\debug\fsai.pdb
c:\users\patrick\documents\github\patrick\cpppractice\fsai\fsai\x64\debug\fsai.tlog\cl.command.1.tlog
c:\users\patrick\documents\github\patrick\cpppractice\fsai\fsai\x64\debug\fsai.tlog\cl.read.1.tlog
c:\users\patrick\documents\github\patrick\cpppractice\fsai\fsai\x64\debug\fsai.tlog\cl.write.1.tlog
c:\users\patrick\documents\github\patrick\cpppractice\fsai\fsai\x64\debug\fsai.tlog\fsai.write.1u.tlog
c:\users\patrick\documents\github\patrick\cpppractice\fsai\fsai\x64\debug\fsai.tlog\link-cvtres.read.1.tlog
c:\users\patrick\documents\github\patrick\cpppractice\fsai\fsai\x64\debug\fsai.tlog\link-cvtres.write.1.tlog
c:\users\patrick\documents\github\patrick\cpppractice\fsai\fsai\x64\debug\fsai.tlog\link-rc.read.1.tlog
c:\users\patrick\documents\github\patrick\cpppractice\fsai\fsai\x64\debug\fsai.tlog\link-rc.write.1.tlog
c:\users\patrick\documents\github\patrick\cpppractice\fsai\fsai\x64\debug\fsai.tlog\link.11148-cvtres.read.1.tlog
c:\users\patrick\documents\github\patrick\cpppractice\fsai\fsai\x64\debug\fsai.tlog\link.11148-cvtres.write.1.tlog
c:\users\patrick\documents\github\patrick\cpppractice\fsai\fsai\x64\debug\fsai.tlog\link.11148-rc.read.1.tlog
c:\users\patrick\documents\github\patrick\cpppractice\fsai\fsai\x64\debug\fsai.tlog\link.11148-rc.write.1.tlog
c:\users\patrick\documents\github\patrick\cpppractice\fsai\fsai\x64\debug\fsai.tlog\link.11148.read.1.tlog
c:\users\patrick\documents\github\patrick\cpppractice\fsai\fsai\x64\debug\fsai.tlog\link.11148.write.1.tlog
c:\users\patrick\documents\github\patrick\cpppractice\fsai\fsai\x64\debug\fsai.tlog\link.command.1.tlog
c:\users\patrick\documents\github\patrick\cpppractice\fsai\fsai\x64\debug\fsai.tlog\link.read.1.tlog
c:\users\patrick\documents\github\patrick\cpppractice\fsai\fsai\x64\debug\fsai.tlog\link.write.1.tlog
